<?xml version="1.0" encoding="UTF-8"?>
<!-- Generated by org.testng.reporters.JUnitXMLReporter -->
<testsuite ignored="0" hostname="DESKTOP-MECDLTE" failures="1" tests="3" name="Surefire test" time="34.286" errors="0" timestamp="2024-08-07T01:21:56 EEST">
  <testcase classname="com.Internship_UI_Tests.CheckThirdResultTest" name="search" time="2.823">
    <failure type="java.lang.AssertionError" message="expected [true] but found [false]">
      <![CDATA[java.lang.AssertionError: expected [true] but found [false]
at com.Internship_UI_Tests.CheckThirdResultTest.search(CheckThirdResultTest.java:35)
at java.base/java.util.ArrayList.forEach(ArrayList.java:1597)
... Removed 34 stack frames]]>
    </failure>
  </testcase> <!-- search -->
  <testcase classname="com.Internship_UI_Tests.DynamicLoadingTest" name="dynamicLoading" time="6.404"/>
  <testcase classname="com.Internship_UI_Tests.UploadingFileTest" name="uploadingFile" time="3.149"/>
</testsuite> <!-- Surefire test -->
